<?xml version="1.0" encoding="UTF-8"?>
<!-- Generated by org.testng.reporters.JUnitReportReporter -->
<testsuite skipped="0" hostname="DESKTOP-D0A0C5D" name="com.crm.qa.testcases.HomePageTest" tests="1" failures="0" timestamp="2019-08-02T23:06:42 CDT" time="9.391" errors="0">
  <testcase name="verifyHomePageTitleTest" time="9.391" classname="com.crm.qa.testcases.HomePageTest"/>
</testsuite> <!-- com.crm.qa.testcases.HomePageTest -->
