<?xml version="1.0" encoding="UTF-8"?>
<!-- Generated by org.testng.reporters.JUnitReportReporter -->
<testsuite skipped="0" hostname="DESKTOP-D0A0C5D" name="com.crm.qa.testcases.LoginPageTest" tests="3" failures="0" timestamp="2019-08-02T23:06:42 CDT" time="22.609" errors="0">
  <testcase name="loginPageTitleTest" time="7.044" classname="com.crm.qa.testcases.LoginPageTest"/>
  <testcase name="loginTest" time="8.023" classname="com.crm.qa.testcases.LoginPageTest"/>
  <testcase name="crmLogoImageTest" time="7.542" classname="com.crm.qa.testcases.LoginPageTest"/>
</testsuite> <!-- com.crm.qa.testcases.LoginPageTest -->
